<?xml version="1.0" encoding="UTF-8"?>
<coverage generated="1696253129235" clover="3.2.0">
  <project timestamp="1696253129235" name="All files">
    <metrics statements="101" coveredstatements="101" conditionals="48" coveredconditionals="48" methods="19" coveredmethods="19" elements="168" coveredelements="168" complexity="0" loc="101" ncloc="101" packages="4" files="10" classes="10">
      <package name="hand.parse.src">
        <metrics statements="26" coveredstatements="26" conditionals="6" coveredconditionals="6" methods="5" coveredmethods="5"/>
        <file name="parse.js" path="/home/game/texas-holdem/server/src/services/hand/parse/src/parse.js">
          <metrics statements="7" coveredstatements="7" conditionals="0" coveredconditionals="0" methods="1" coveredmethods="1"/>
          <line num="3" count="2" type="stmt"/>
          <line num="5" count="2" type="stmt"/>
          <line num="6" count="2" type="stmt"/>
          <line num="21" count="2" type="stmt"/>
          <line num="22" count="37" type="stmt"/>
          <line num="24" count="37" type="stmt"/>
          <line num="26" count="37" type="stmt"/>
        </file>
        <file name="strToSuitsAndValues.js" path="/home/game/texas-holdem/server/src/services/hand/parse/src/strToSuitsAndValues.js">
          <metrics statements="9" coveredstatements="9" conditionals="2" coveredconditionals="2" methods="3" coveredmethods="3"/>
          <line num="12" count="3" type="stmt"/>
          <line num="14" count="38" type="stmt"/>
          <line num="17" count="38" type="stmt"/>
          <line num="24" count="38" type="stmt"/>
          <line num="26" count="190" type="stmt"/>
          <line num="27" count="190" type="cond" truecount="2" falsecount="0"/>
          <line num="28" count="190" type="stmt"/>
          <line num="32" count="286" type="stmt"/>
          <line num="34" count="38" type="stmt"/>
        </file>
        <file name="suitsAndValuesToHand.js" path="/home/game/texas-holdem/server/src/services/hand/parse/src/suitsAndValuesToHand.js">
          <metrics statements="10" coveredstatements="10" conditionals="4" coveredconditionals="4" methods="1" coveredmethods="1"/>
          <line num="3" count="3" type="stmt"/>
          <line num="4" count="3" type="stmt"/>
          <line num="20" count="3" type="stmt"/>
          <line num="21" count="42" type="stmt"/>
          <line num="24" count="42" type="stmt"/>
          <line num="29" count="42" type="cond" truecount="2" falsecount="0"/>
          <line num="30" count="23" type="stmt"/>
          <line num="31" count="19" type="cond" truecount="2" falsecount="0"/>
          <line num="32" count="18" type="stmt"/>
          <line num="36" count="1" type="stmt"/>
        </file>
      </package>
      <package name="hand.parse.src.utils">
        <metrics statements="41" coveredstatements="41" conditionals="30" coveredconditionals="30" methods="4" coveredmethods="4"/>
        <file name="findDuplicates.js" path="/home/game/texas-holdem/server/src/services/hand/parse/src/utils/findDuplicates.js">
          <metrics statements="35" coveredstatements="35" conditionals="8" coveredconditionals="8" methods="2" coveredmethods="2"/>
          <line num="3" count="4" type="stmt"/>
          <line num="18" count="4" type="stmt"/>
          <line num="19" count="28" type="stmt"/>
          <line num="21" count="28" type="stmt"/>
          <line num="22" count="28" type="stmt"/>
          <line num="23" count="28" type="stmt"/>
          <line num="24" count="28" type="stmt"/>
          <line num="25" count="28" type="stmt"/>
          <line num="27" count="28" type="stmt"/>
          <line num="29" count="28" type="stmt"/>
          <line num="30" count="79" type="cond" truecount="4" falsecount="0"/>
          <line num="32" count="5" type="stmt"/>
          <line num="33" count="5" type="stmt"/>
          <line num="34" count="5" type="stmt"/>
          <line num="35" count="5" type="stmt"/>
          <line num="37" count="10" type="stmt"/>
          <line num="38" count="10" type="stmt"/>
          <line num="39" count="10" type="stmt"/>
          <line num="40" count="10" type="stmt"/>
          <line num="41" count="10" type="stmt"/>
          <line num="43" count="23" type="stmt"/>
          <line num="44" count="23" type="cond" truecount="2" falsecount="0"/>
          <line num="45" count="5" type="stmt"/>
          <line num="46" count="5" type="stmt"/>
          <line num="48" count="18" type="stmt"/>
          <line num="49" count="18" type="stmt"/>
          <line num="50" count="18" type="stmt"/>
          <line num="52" count="23" type="stmt"/>
          <line num="54" count="41" type="stmt"/>
          <line num="55" count="41" type="stmt"/>
          <line num="59" count="28" type="stmt"/>
          <line num="62" count="28" type="cond" truecount="2" falsecount="0"/>
          <line num="63" count="5" type="stmt"/>
          <line num="64" count="5" type="stmt"/>
          <line num="67" count="28" type="stmt"/>
        </file>
        <file name="findFlushOrStraight.js" path="/home/game/texas-holdem/server/src/services/hand/parse/src/utils/findFlushOrStraight.js">
          <metrics statements="6" coveredstatements="6" conditionals="22" coveredconditionals="22" methods="2" coveredmethods="2"/>
          <line num="15" count="4" type="stmt"/>
          <line num="16" count="23" type="stmt"/>
          <line num="18" count="23" type="cond" truecount="2" falsecount="0"/>
          <line num="19" count="85" type="cond" truecount="4" falsecount="0"/>
          <line num="20" count="23" type="stmt"/>
          <line num="22" count="23" type="stmt"/>
        </file>
      </package>
      <package name="hand.sort.src">
        <metrics statements="14" coveredstatements="14" conditionals="8" coveredconditionals="8" methods="3" coveredmethods="3"/>
        <file name="compare.js" path="/home/game/texas-holdem/server/src/services/hand/sort/src/compare.js">
          <metrics statements="9" coveredstatements="9" conditionals="8" coveredconditionals="8" methods="1" coveredmethods="1"/>
          <line num="12" count="2" type="stmt"/>
          <line num="14" count="56" type="cond" truecount="2" falsecount="0"/>
          <line num="15" count="11" type="stmt"/>
          <line num="16" count="19" type="cond" truecount="2" falsecount="0"/>
          <line num="17" count="4" type="stmt"/>
          <line num="18" count="15" type="cond" truecount="2" falsecount="0"/>
          <line num="19" count="6" type="stmt"/>
          <line num="23" count="1" type="stmt"/>
          <line num="26" count="45" type="cond" truecount="2" falsecount="0"/>
        </file>
        <file name="sort.js" path="/home/game/texas-holdem/server/src/services/hand/sort/src/sort.js">
          <metrics statements="5" coveredstatements="5" conditionals="0" coveredconditionals="0" methods="2" coveredmethods="2"/>
          <line num="3" count="1" type="stmt"/>
          <line num="4" count="1" type="stmt"/>
          <line num="14" count="1" type="stmt"/>
          <line num="16" count="18" type="stmt"/>
          <line num="19" count="1" type="stmt"/>
        </file>
      </package>
      <package name="tools.src">
        <metrics statements="20" coveredstatements="20" conditionals="4" coveredconditionals="4" methods="7" coveredmethods="7"/>
        <file name="combination.js" path="/home/game/texas-holdem/server/src/services/tools/src/combination.js">
          <metrics statements="9" coveredstatements="9" conditionals="2" coveredconditionals="2" methods="4" coveredmethods="4"/>
          <line num="14" count="130" type="cond" truecount="2" falsecount="0"/>
          <line num="15" count="52" type="stmt"/>
          <line num="19" count="78" type="stmt"/>
          <line num="23" count="78" type="stmt"/>
          <line num="24" count="122" type="stmt"/>
          <line num="29" count="122" type="stmt"/>
          <line num="30" count="98" type="stmt"/>
          <line num="34" count="78" type="stmt"/>
          <line num="37" count="1" type="stmt"/>
        </file>
        <file name="countOccurences.js" path="/home/game/texas-holdem/server/src/services/tools/src/countOccurences.js">
          <metrics statements="5" coveredstatements="5" conditionals="2" coveredconditionals="2" methods="2" coveredmethods="2"/>
          <line num="12" count="5" type="stmt"/>
          <line num="14" count="29" type="stmt"/>
          <line num="16" count="29" type="stmt"/>
          <line num="17" count="142" type="cond" truecount="2" falsecount="0"/>
          <line num="20" count="29" type="stmt"/>
        </file>
        <file name="shuffleArray.js" path="/home/game/texas-holdem/server/src/services/tools/src/shuffleArray.js">
          <metrics statements="6" coveredstatements="6" conditionals="0" coveredconditionals="0" methods="1" coveredmethods="1"/>
          <line num="11" count="1" type="stmt"/>
          <line num="12" count="1" type="stmt"/>
          <line num="14" count="1" type="stmt"/>
          <line num="15" count="17" type="stmt"/>
          <line num="16" count="17" type="stmt"/>
          <line num="19" count="1" type="stmt"/>
        </file>
      </package>
    </metrics>
  </project>
</coverage>
