{"/home/game/texas-holdem/server/src/services/hand/parse/src/parse.js": {"path":"/home/game/texas-holdem/server/src/services/hand/parse/src/parse.js","statementMap":{"0":{"start":{"line":3,"column":10},"end":{"line":3,"column":26}},"1":{"start":{"line":5,"column":28},"end":{"line":5,"column":60}},"2":{"start":{"line":6,"column":29},"end":{"line":6,"column":62}},"3":{"start":{"line":21,"column":0},"end":{"line":27,"column":2}},"4":{"start":{"line":22,"column":14},"end":{"line":22,"column":75}},"5":{"start":{"line":24,"column":2},"end":{"line":24,"column":27}},"6":{"start":{"line":26,"column":2},"end":{"line":26,"column":13}}},"fnMap":{"0":{"name":"(anonymous_0)","decl":{"start":{"line":21,"column":17},"end":{"line":21,"column":18}},"loc":{"start":{"line":21,"column":30},"end":{"line":27,"column":1}},"line":21}},"branchMap":{},"s":{"0":2,"1":2,"2":2,"3":2,"4":37,"5":37,"6":37},"f":{"0":37},"b":{},"_coverageSchema":"332fd63041d2c1bcb487cc26dd0d5f7d97098a6c","hash":"2cf1f586d50246770ccafd5b41894e1a6bf6dd4b"}
,"/home/game/texas-holdem/server/src/services/hand/parse/src/strToSuitsAndValues.js": {"path":"/home/game/texas-holdem/server/src/services/hand/parse/src/strToSuitsAndValues.js","statementMap":{"0":{"start":{"line":12,"column":0},"end":{"line":35,"column":2}},"1":{"start":{"line":14,"column":20},"end":{"line":14,"column":67}},"2":{"start":{"line":17,"column":25},"end":{"line":20,"column":3}},"3":{"start":{"line":24,"column":2},"end":{"line":29,"column":7}},"4":{"start":{"line":26,"column":22},"end":{"line":26,"column":36}},"5":{"start":{"line":27,"column":6},"end":{"line":27,"column":71}},"6":{"start":{"line":28,"column":6},"end":{"line":28,"column":44}},"7":{"start":{"line":32,"column":2},"end":{"line":32,"column":46}},"8":{"start":{"line":32,"column":39},"end":{"line":32,"column":44}},"9":{"start":{"line":34,"column":2},"end":{"line":34,"column":24}}},"fnMap":{"0":{"name":"(anonymous_0)","decl":{"start":{"line":12,"column":17},"end":{"line":12,"column":18}},"loc":{"start":{"line":12,"column":30},"end":{"line":35,"column":1}},"line":12},"1":{"name":"(anonymous_1)","decl":{"start":{"line":25,"column":13},"end":{"line":25,"column":14}},"loc":{"start":{"line":25,"column":21},"end":{"line":29,"column":5}},"line":25},"2":{"name":"(anonymous_2)","decl":{"start":{"line":32,"column":29},"end":{"line":32,"column":30}},"loc":{"start":{"line":32,"column":39},"end":{"line":32,"column":44}},"line":32}},"branchMap":{"0":{"loc":{"start":{"line":27,"column":33},"end":{"line":27,"column":69}},"type":"binary-expr","locations":[{"start":{"line":27,"column":33},"end":{"line":27,"column":54}},{"start":{"line":27,"column":58},"end":{"line":27,"column":69}}],"line":27}},"s":{"0":3,"1":38,"2":38,"3":38,"4":190,"5":190,"6":190,"7":38,"8":286,"9":38},"f":{"0":38,"1":190,"2":286},"b":{"0":[190,118]},"_coverageSchema":"332fd63041d2c1bcb487cc26dd0d5f7d97098a6c","hash":"b597ff3aeb72d29702101594497370a6353ed96a"}
,"/home/game/texas-holdem/server/src/services/hand/parse/src/suitsAndValuesToHand.js": {"path":"/home/game/texas-holdem/server/src/services/hand/parse/src/suitsAndValuesToHand.js","statementMap":{"0":{"start":{"line":3,"column":23},"end":{"line":3,"column":56}},"1":{"start":{"line":4,"column":28},"end":{"line":4,"column":66}},"2":{"start":{"line":20,"column":0},"end":{"line":41,"column":2}},"3":{"start":{"line":21,"column":28},"end":{"line":21,"column":42}},"4":{"start":{"line":24,"column":21},"end":{"line":24,"column":61}},"5":{"start":{"line":29,"column":2},"end":{"line":33,"column":3}},"6":{"start":{"line":30,"column":4},"end":{"line":30,"column":34}},"7":{"start":{"line":31,"column":9},"end":{"line":33,"column":3}},"8":{"start":{"line":32,"column":4},"end":{"line":32,"column":46}},"9":{"start":{"line":36,"column":2},"end":{"line":40,"column":4}}},"fnMap":{"0":{"name":"(anonymous_0)","decl":{"start":{"line":20,"column":17},"end":{"line":20,"column":18}},"loc":{"start":{"line":20,"column":37},"end":{"line":41,"column":1}},"line":20}},"branchMap":{"0":{"loc":{"start":{"line":29,"column":2},"end":{"line":33,"column":3}},"type":"if","locations":[{"start":{"line":29,"column":2},"end":{"line":33,"column":3}},{"start":{"line":29,"column":2},"end":{"line":33,"column":3}}],"line":29},"1":{"loc":{"start":{"line":31,"column":9},"end":{"line":33,"column":3}},"type":"if","locations":[{"start":{"line":31,"column":9},"end":{"line":33,"column":3}},{"start":{"line":31,"column":9},"end":{"line":33,"column":3}}],"line":31}},"s":{"0":3,"1":3,"2":3,"3":42,"4":42,"5":42,"6":23,"7":19,"8":18,"9":1},"f":{"0":42},"b":{"0":[23,19],"1":[18,1]},"_coverageSchema":"332fd63041d2c1bcb487cc26dd0d5f7d97098a6c","hash":"c1083710a7da61152926e6e9e99a4f6323ce2852"}
,"/home/game/texas-holdem/server/src/services/hand/parse/src/utils/findDuplicates.js": {"path":"/home/game/texas-holdem/server/src/services/hand/parse/src/utils/findDuplicates.js","statementMap":{"0":{"start":{"line":3,"column":24},"end":{"line":3,"column":72}},"1":{"start":{"line":18,"column":0},"end":{"line":68,"column":2}},"2":{"start":{"line":19,"column":15},"end":{"line":19,"column":17}},"3":{"start":{"line":21,"column":13},"end":{"line":21,"column":15}},"4":{"start":{"line":22,"column":11},"end":{"line":22,"column":13}},"5":{"start":{"line":23,"column":12},"end":{"line":23,"column":14}},"6":{"start":{"line":24,"column":14},"end":{"line":24,"column":16}},"7":{"start":{"line":25,"column":16},"end":{"line":25,"column":17}},"8":{"start":{"line":27,"column":17},"end":{"line":27,"column":40}},"9":{"start":{"line":29,"column":2},"end":{"line":57,"column":5}},"10":{"start":{"line":30,"column":4},"end":{"line":56,"column":5}},"11":{"start":{"line":32,"column":8},"end":{"line":32,"column":36}},"12":{"start":{"line":33,"column":8},"end":{"line":33,"column":23}},"13":{"start":{"line":34,"column":8},"end":{"line":34,"column":37}},"14":{"start":{"line":35,"column":8},"end":{"line":35,"column":14}},"15":{"start":{"line":37,"column":8},"end":{"line":37,"column":36}},"16":{"start":{"line":38,"column":8},"end":{"line":38,"column":23}},"17":{"start":{"line":39,"column":8},"end":{"line":39,"column":38}},"18":{"start":{"line":40,"column":8},"end":{"line":40,"column":20}},"19":{"start":{"line":41,"column":8},"end":{"line":41,"column":14}},"20":{"start":{"line":43,"column":8},"end":{"line":43,"column":41}},"21":{"start":{"line":44,"column":8},"end":{"line":51,"column":9}},"22":{"start":{"line":45,"column":10},"end":{"line":45,"column":25}},"23":{"start":{"line":46,"column":10},"end":{"line":46,"column":33}},"24":{"start":{"line":48,"column":10},"end":{"line":48,"column":25}},"25":{"start":{"line":49,"column":10},"end":{"line":49,"column":22}},"26":{"start":{"line":50,"column":10},"end":{"line":50,"column":29}},"27":{"start":{"line":52,"column":8},"end":{"line":52,"column":14}},"28":{"start":{"line":54,"column":8},"end":{"line":54,"column":38}},"29":{"start":{"line":55,"column":8},"end":{"line":55,"column":14}},"30":{"start":{"line":59,"column":2},"end":{"line":59,"column":58}},"31":{"start":{"line":62,"column":2},"end":{"line":65,"column":3}},"32":{"start":{"line":63,"column":4},"end":{"line":63,"column":19}},"33":{"start":{"line":64,"column":4},"end":{"line":64,"column":29}},"34":{"start":{"line":67,"column":2},"end":{"line":67,"column":14}}},"fnMap":{"0":{"name":"(anonymous_0)","decl":{"start":{"line":18,"column":17},"end":{"line":18,"column":18}},"loc":{"start":{"line":18,"column":29},"end":{"line":68,"column":1}},"line":18},"1":{"name":"(anonymous_1)","decl":{"start":{"line":29,"column":43},"end":{"line":29,"column":44}},"loc":{"start":{"line":29,"column":62},"end":{"line":57,"column":3}},"line":29}},"branchMap":{"0":{"loc":{"start":{"line":30,"column":4},"end":{"line":56,"column":5}},"type":"switch","locations":[{"start":{"line":31,"column":6},"end":{"line":35,"column":14}},{"start":{"line":36,"column":6},"end":{"line":41,"column":14}},{"start":{"line":42,"column":6},"end":{"line":52,"column":14}},{"start":{"line":53,"column":6},"end":{"line":55,"column":14}}],"line":30},"1":{"loc":{"start":{"line":44,"column":8},"end":{"line":51,"column":9}},"type":"if","locations":[{"start":{"line":44,"column":8},"end":{"line":51,"column":9}},{"start":{"line":44,"column":8},"end":{"line":51,"column":9}}],"line":44},"2":{"loc":{"start":{"line":62,"column":2},"end":{"line":65,"column":3}},"type":"if","locations":[{"start":{"line":62,"column":2},"end":{"line":65,"column":3}},{"start":{"line":62,"column":2},"end":{"line":65,"column":3}}],"line":62}},"s":{"0":4,"1":4,"2":28,"3":28,"4":28,"5":28,"6":28,"7":28,"8":28,"9":28,"10":79,"11":5,"12":5,"13":5,"14":5,"15":10,"16":10,"17":10,"18":10,"19":10,"20":23,"21":23,"22":5,"23":5,"24":18,"25":18,"26":18,"27":23,"28":41,"29":41,"30":28,"31":28,"32":5,"33":5,"34":28},"f":{"0":28,"1":79},"b":{"0":[5,10,23,41],"1":[5,18],"2":[5,23]},"_coverageSchema":"332fd63041d2c1bcb487cc26dd0d5f7d97098a6c","hash":"9cf701096d19ab6967e1bc8b39ad125f630c5a18"}
,"/home/game/texas-holdem/server/src/services/hand/parse/src/utils/findFlushOrStraight.js": {"path":"/home/game/texas-holdem/server/src/services/hand/parse/src/utils/findFlushOrStraight.js","statementMap":{"0":{"start":{"line":15,"column":0},"end":{"line":43,"column":2}},"1":{"start":{"line":16,"column":16},"end":{"line":16,"column":43}},"2":{"start":{"line":18,"column":25},"end":{"line":18,"column":64}},"3":{"start":{"line":19,"column":19},"end":{"line":19,"column":97}},"4":{"start":{"line":19,"column":47},"end":{"line":19,"column":78}},"5":{"start":{"line":20,"column":16},"end":{"line":20,"column":32}},"6":{"start":{"line":22,"column":2},"end":{"line":42,"column":4}}},"fnMap":{"0":{"name":"(anonymous_0)","decl":{"start":{"line":15,"column":17},"end":{"line":15,"column":18}},"loc":{"start":{"line":15,"column":36},"end":{"line":43,"column":1}},"line":15},"1":{"name":"(anonymous_1)","decl":{"start":{"line":19,"column":32},"end":{"line":19,"column":33}},"loc":{"start":{"line":19,"column":47},"end":{"line":19,"column":78}},"line":19}},"branchMap":{"0":{"loc":{"start":{"line":18,"column":25},"end":{"line":18,"column":64}},"type":"binary-expr","locations":[{"start":{"line":18,"column":26},"end":{"line":18,"column":42}},{"start":{"line":18,"column":48},"end":{"line":18,"column":63}}],"line":18},"1":{"loc":{"start":{"line":19,"column":19},"end":{"line":19,"column":97}},"type":"binary-expr","locations":[{"start":{"line":19,"column":19},"end":{"line":19,"column":79}},{"start":{"line":19,"column":83},"end":{"line":19,"column":97}}],"line":19},"2":{"loc":{"start":{"line":19,"column":54},"end":{"line":19,"column":73}},"type":"binary-expr","locations":[{"start":{"line":19,"column":54},"end":{"line":19,"column":64}},{"start":{"line":19,"column":68},"end":{"line":19,"column":73}}],"line":19},"3":{"loc":{"start":{"line":24,"column":11},"end":{"line":32,"column":11}},"type":"cond-expr","locations":[{"start":{"line":25,"column":8},"end":{"line":29,"column":11}},{"start":{"line":30,"column":8},"end":{"line":32,"column":11}}],"line":24},"4":{"loc":{"start":{"line":25,"column":8},"end":{"line":29,"column":11}},"type":"cond-expr","locations":[{"start":{"line":26,"column":10},"end":{"line":28,"column":13}},{"start":{"line":29,"column":10},"end":{"line":29,"column":11}}],"line":25},"5":{"loc":{"start":{"line":26,"column":10},"end":{"line":28,"column":13}},"type":"cond-expr","locations":[{"start":{"line":27,"column":12},"end":{"line":27,"column":13}},{"start":{"line":28,"column":12},"end":{"line":28,"column":13}}],"line":26},"6":{"loc":{"start":{"line":30,"column":8},"end":{"line":32,"column":11}},"type":"cond-expr","locations":[{"start":{"line":31,"column":10},"end":{"line":31,"column":11}},{"start":{"line":32,"column":10},"end":{"line":32,"column":11}}],"line":30},"7":{"loc":{"start":{"line":33,"column":10},"end":{"line":41,"column":20}},"type":"cond-expr","locations":[{"start":{"line":34,"column":8},"end":{"line":38,"column":17}},{"start":{"line":39,"column":8},"end":{"line":41,"column":20}}],"line":33},"8":{"loc":{"start":{"line":34,"column":8},"end":{"line":38,"column":17}},"type":"cond-expr","locations":[{"start":{"line":35,"column":10},"end":{"line":37,"column":28}},{"start":{"line":38,"column":10},"end":{"line":38,"column":17}}],"line":34},"9":{"loc":{"start":{"line":35,"column":10},"end":{"line":37,"column":28}},"type":"cond-expr","locations":[{"start":{"line":36,"column":12},"end":{"line":36,"column":25}},{"start":{"line":37,"column":12},"end":{"line":37,"column":28}}],"line":35},"10":{"loc":{"start":{"line":39,"column":8},"end":{"line":41,"column":20}},"type":"cond-expr","locations":[{"start":{"line":40,"column":10},"end":{"line":40,"column":20}},{"start":{"line":41,"column":10},"end":{"line":41,"column":20}}],"line":39}},"s":{"0":4,"1":23,"2":23,"3":23,"4":85,"5":23,"6":23},"f":{"0":23,"1":85},"b":{"0":[23,8],"1":[23,12],"2":[85,23],"3":[14,9],"4":[8,6],"5":[3,5],"6":[3,6],"7":[14,9],"8":[8,6],"9":[3,5],"10":[3,6]},"_coverageSchema":"332fd63041d2c1bcb487cc26dd0d5f7d97098a6c","hash":"ca6b89e9692d9c8b2af202c3fe7b0114e3e54d9d"}
,"/home/game/texas-holdem/server/src/services/hand/sort/src/compare.js": {"path":"/home/game/texas-holdem/server/src/services/hand/sort/src/compare.js","statementMap":{"0":{"start":{"line":12,"column":0},"end":{"line":27,"column":2}},"1":{"start":{"line":14,"column":2},"end":{"line":24,"column":3}},"2":{"start":{"line":15,"column":4},"end":{"line":21,"column":5}},"3":{"start":{"line":16,"column":6},"end":{"line":20,"column":7}},"4":{"start":{"line":17,"column":8},"end":{"line":17,"column":17}},"5":{"start":{"line":18,"column":13},"end":{"line":20,"column":7}},"6":{"start":{"line":19,"column":8},"end":{"line":19,"column":18}},"7":{"start":{"line":23,"column":4},"end":{"line":23,"column":13}},"8":{"start":{"line":26,"column":2},"end":{"line":26,"column":46}}},"fnMap":{"0":{"name":"(anonymous_0)","decl":{"start":{"line":12,"column":17},"end":{"line":12,"column":18}},"loc":{"start":{"line":12,"column":35},"end":{"line":27,"column":1}},"line":12}},"branchMap":{"0":{"loc":{"start":{"line":14,"column":2},"end":{"line":24,"column":3}},"type":"if","locations":[{"start":{"line":14,"column":2},"end":{"line":24,"column":3}},{"start":{"line":14,"column":2},"end":{"line":24,"column":3}}],"line":14},"1":{"loc":{"start":{"line":16,"column":6},"end":{"line":20,"column":7}},"type":"if","locations":[{"start":{"line":16,"column":6},"end":{"line":20,"column":7}},{"start":{"line":16,"column":6},"end":{"line":20,"column":7}}],"line":16},"2":{"loc":{"start":{"line":18,"column":13},"end":{"line":20,"column":7}},"type":"if","locations":[{"start":{"line":18,"column":13},"end":{"line":20,"column":7}},{"start":{"line":18,"column":13},"end":{"line":20,"column":7}}],"line":18},"3":{"loc":{"start":{"line":26,"column":10},"end":{"line":26,"column":44}},"type":"cond-expr","locations":[{"start":{"line":26,"column":38},"end":{"line":26,"column":39}},{"start":{"line":26,"column":42},"end":{"line":26,"column":44}}],"line":26}},"s":{"0":2,"1":56,"2":11,"3":19,"4":4,"5":15,"6":6,"7":1,"8":45},"f":{"0":56},"b":{"0":[11,45],"1":[4,15],"2":[6,9],"3":[25,20]},"_coverageSchema":"332fd63041d2c1bcb487cc26dd0d5f7d97098a6c","hash":"96365b6aa840d8dffdb82f478b284d8d63ea6083"}
,"/home/game/texas-holdem/server/src/services/hand/sort/src/sort.js": {"path":"/home/game/texas-holdem/server/src/services/hand/sort/src/sort.js","statementMap":{"0":{"start":{"line":3,"column":14},"end":{"line":3,"column":46}},"1":{"start":{"line":4,"column":16},"end":{"line":4,"column":36}},"2":{"start":{"line":14,"column":0},"end":{"line":20,"column":2}},"3":{"start":{"line":16,"column":16},"end":{"line":16,"column":55}},"4":{"start":{"line":16,"column":40},"end":{"line":16,"column":54}},"5":{"start":{"line":19,"column":2},"end":{"line":19,"column":39}}},"fnMap":{"0":{"name":"(anonymous_0)","decl":{"start":{"line":14,"column":17},"end":{"line":14,"column":18}},"loc":{"start":{"line":14,"column":31},"end":{"line":20,"column":1}},"line":14},"1":{"name":"(anonymous_1)","decl":{"start":{"line":16,"column":29},"end":{"line":16,"column":30}},"loc":{"start":{"line":16,"column":40},"end":{"line":16,"column":54}},"line":16}},"branchMap":{},"s":{"0":1,"1":1,"2":1,"3":1,"4":18,"5":1},"f":{"0":1,"1":18},"b":{},"_coverageSchema":"332fd63041d2c1bcb487cc26dd0d5f7d97098a6c","hash":"ab747745d2cfae10d45ea4a113bd5eb6078a0073"}
,"/home/game/texas-holdem/server/src/services/tools/src/combination.js": {"path":"/home/game/texas-holdem/server/src/services/tools/src/combination.js","statementMap":{"0":{"start":{"line":14,"column":2},"end":{"line":16,"column":3}},"1":{"start":{"line":15,"column":4},"end":{"line":15,"column":58}},"2":{"start":{"line":15,"column":43},"end":{"line":15,"column":56}},"3":{"start":{"line":19,"column":17},"end":{"line":19,"column":19}},"4":{"start":{"line":23,"column":2},"end":{"line":32,"column":5}},"5":{"start":{"line":24,"column":26},"end":{"line":27,"column":5}},"6":{"start":{"line":29,"column":4},"end":{"line":31,"column":7}},"7":{"start":{"line":30,"column":6},"end":{"line":30,"column":56}},"8":{"start":{"line":34,"column":2},"end":{"line":34,"column":16}},"9":{"start":{"line":37,"column":0},"end":{"line":37,"column":29}}},"fnMap":{"0":{"name":"combination","decl":{"start":{"line":13,"column":9},"end":{"line":13,"column":20}},"loc":{"start":{"line":13,"column":39},"end":{"line":35,"column":1}},"line":13},"1":{"name":"(anonymous_1)","decl":{"start":{"line":15,"column":28},"end":{"line":15,"column":29}},"loc":{"start":{"line":15,"column":43},"end":{"line":15,"column":56}},"line":15},"2":{"name":"(anonymous_2)","decl":{"start":{"line":23,"column":23},"end":{"line":23,"column":24}},"loc":{"start":{"line":23,"column":55},"end":{"line":32,"column":3}},"line":23},"3":{"name":"(anonymous_3)","decl":{"start":{"line":29,"column":26},"end":{"line":29,"column":27}},"loc":{"start":{"line":29,"column":44},"end":{"line":31,"column":5}},"line":29}},"branchMap":{"0":{"loc":{"start":{"line":14,"column":2},"end":{"line":16,"column":3}},"type":"if","locations":[{"start":{"line":14,"column":2},"end":{"line":16,"column":3}},{"start":{"line":14,"column":2},"end":{"line":16,"column":3}}],"line":14}},"s":{"0":130,"1":52,"2":33,"3":78,"4":78,"5":122,"6":122,"7":98,"8":78,"9":1},"f":{"0":130,"1":33,"2":122,"3":98},"b":{"0":[52,78]},"_coverageSchema":"332fd63041d2c1bcb487cc26dd0d5f7d97098a6c","hash":"1a6b46459b1ed5fb6f6f8836411557bcdb7f5122"}
,"/home/game/texas-holdem/server/src/services/tools/src/countOccurences.js": {"path":"/home/game/texas-holdem/server/src/services/tools/src/countOccurences.js","statementMap":{"0":{"start":{"line":12,"column":0},"end":{"line":21,"column":2}},"1":{"start":{"line":14,"column":17},"end":{"line":14,"column":19}},"2":{"start":{"line":16,"column":2},"end":{"line":18,"column":5}},"3":{"start":{"line":17,"column":4},"end":{"line":17,"column":37}},"4":{"start":{"line":20,"column":2},"end":{"line":20,"column":16}}},"fnMap":{"0":{"name":"(anonymous_0)","decl":{"start":{"line":12,"column":17},"end":{"line":12,"column":18}},"loc":{"start":{"line":12,"column":29},"end":{"line":21,"column":1}},"line":12},"1":{"name":"(anonymous_1)","decl":{"start":{"line":16,"column":17},"end":{"line":16,"column":18}},"loc":{"start":{"line":16,"column":22},"end":{"line":18,"column":3}},"line":16}},"branchMap":{"0":{"loc":{"start":{"line":17,"column":17},"end":{"line":17,"column":31}},"type":"binary-expr","locations":[{"start":{"line":17,"column":17},"end":{"line":17,"column":26}},{"start":{"line":17,"column":30},"end":{"line":17,"column":31}}],"line":17}},"s":{"0":5,"1":29,"2":29,"3":142,"4":29},"f":{"0":29,"1":142},"b":{"0":[142,82]},"_coverageSchema":"332fd63041d2c1bcb487cc26dd0d5f7d97098a6c","hash":"f66a64a07c5698e2f9eed3d1c0d461fb143576e9"}
,"/home/game/texas-holdem/server/src/services/tools/src/shuffleArray.js": {"path":"/home/game/texas-holdem/server/src/services/tools/src/shuffleArray.js","statementMap":{"0":{"start":{"line":11,"column":0},"end":{"line":20,"column":2}},"1":{"start":{"line":12,"column":15},"end":{"line":12,"column":29}},"2":{"start":{"line":14,"column":2},"end":{"line":17,"column":3}},"3":{"start":{"line":15,"column":14},"end":{"line":15,"column":49}},"4":{"start":{"line":16,"column":4},"end":{"line":16,"column":44}},"5":{"start":{"line":19,"column":2},"end":{"line":19,"column":14}}},"fnMap":{"0":{"name":"(anonymous_0)","decl":{"start":{"line":11,"column":17},"end":{"line":11,"column":18}},"loc":{"start":{"line":11,"column":28},"end":{"line":20,"column":1}},"line":11}},"branchMap":{},"s":{"0":1,"1":1,"2":1,"3":17,"4":17,"5":1},"f":{"0":1},"b":{},"_coverageSchema":"332fd63041d2c1bcb487cc26dd0d5f7d97098a6c","hash":"76779b8334767f772da4bd4c1dfd26076740385e"}
}
