TN:
SF:/home/game/texas-holdem/server/src/services/hand/parse/src/parse.js
FN:21,(anonymous_0)
FNF:1
FNH:1
FNDA:37,(anonymous_0)
DA:3,2
DA:5,2
DA:6,2
DA:21,2
DA:22,37
DA:24,37
DA:26,37
LF:7
LH:7
BRF:0
BRH:0
end_of_record
TN:
SF:/home/game/texas-holdem/server/src/services/hand/parse/src/strToSuitsAndValues.js
FN:12,(anonymous_0)
FN:25,(anonymous_1)
FN:32,(anonymous_2)
FNF:3
FNH:3
FNDA:38,(anonymous_0)
FNDA:190,(anonymous_1)
FNDA:286,(anonymous_2)
DA:12,3
DA:14,38
DA:17,38
DA:24,38
DA:26,190
DA:27,190
DA:28,190
DA:32,286
DA:34,38
LF:9
LH:9
BRDA:27,0,0,190
BRDA:27,0,1,118
BRF:2
BRH:2
end_of_record
TN:
SF:/home/game/texas-holdem/server/src/services/hand/parse/src/suitsAndValuesToHand.js
FN:20,(anonymous_0)
FNF:1
FNH:1
FNDA:42,(anonymous_0)
DA:3,3
DA:4,3
DA:20,3
DA:21,42
DA:24,42
DA:29,42
DA:30,23
DA:31,19
DA:32,18
DA:36,1
LF:10
LH:10
BRDA:29,0,0,23
BRDA:29,0,1,19
BRDA:31,1,0,18
BRDA:31,1,1,1
BRF:4
BRH:4
end_of_record
TN:
SF:/home/game/texas-holdem/server/src/services/hand/parse/src/utils/findDuplicates.js
FN:18,(anonymous_0)
FN:29,(anonymous_1)
FNF:2
FNH:2
FNDA:28,(anonymous_0)
FNDA:79,(anonymous_1)
DA:3,4
DA:18,4
DA:19,28
DA:21,28
DA:22,28
DA:23,28
DA:24,28
DA:25,28
DA:27,28
DA:29,28
DA:30,79
DA:32,5
DA:33,5
DA:34,5
DA:35,5
DA:37,10
DA:38,10
DA:39,10
DA:40,10
DA:41,10
DA:43,23
DA:44,23
DA:45,5
DA:46,5
DA:48,18
DA:49,18
DA:50,18
DA:52,23
DA:54,41
DA:55,41
DA:59,28
DA:62,28
DA:63,5
DA:64,5
DA:67,28
LF:35
LH:35
BRDA:30,0,0,5
BRDA:30,0,1,10
BRDA:30,0,2,23
BRDA:30,0,3,41
BRDA:44,1,0,5
BRDA:44,1,1,18
BRDA:62,2,0,5
BRDA:62,2,1,23
BRF:8
BRH:8
end_of_record
TN:
SF:/home/game/texas-holdem/server/src/services/hand/parse/src/utils/findFlushOrStraight.js
FN:15,(anonymous_0)
FN:19,(anonymous_1)
FNF:2
FNH:2
FNDA:23,(anonymous_0)
FNDA:85,(anonymous_1)
DA:15,4
DA:16,23
DA:18,23
DA:19,85
DA:20,23
DA:22,23
LF:6
LH:6
BRDA:18,0,0,23
BRDA:18,0,1,8
BRDA:19,1,0,23
BRDA:19,1,1,12
BRDA:19,2,0,85
BRDA:19,2,1,23
BRDA:24,3,0,14
BRDA:24,3,1,9
BRDA:25,4,0,8
BRDA:25,4,1,6
BRDA:26,5,0,3
BRDA:26,5,1,5
BRDA:30,6,0,3
BRDA:30,6,1,6
BRDA:33,7,0,14
BRDA:33,7,1,9
BRDA:34,8,0,8
BRDA:34,8,1,6
BRDA:35,9,0,3
BRDA:35,9,1,5
BRDA:39,10,0,3
BRDA:39,10,1,6
BRF:22
BRH:22
end_of_record
TN:
SF:/home/game/texas-holdem/server/src/services/hand/sort/src/compare.js
FN:12,(anonymous_0)
FNF:1
FNH:1
FNDA:56,(anonymous_0)
DA:12,2
DA:14,56
DA:15,11
DA:16,19
DA:17,4
DA:18,15
DA:19,6
DA:23,1
DA:26,45
LF:9
LH:9
BRDA:14,0,0,11
BRDA:14,0,1,45
BRDA:16,1,0,4
BRDA:16,1,1,15
BRDA:18,2,0,6
BRDA:18,2,1,9
BRDA:26,3,0,25
BRDA:26,3,1,20
BRF:8
BRH:8
end_of_record
TN:
SF:/home/game/texas-holdem/server/src/services/hand/sort/src/sort.js
FN:14,(anonymous_0)
FN:16,(anonymous_1)
FNF:2
FNH:2
FNDA:1,(anonymous_0)
FNDA:18,(anonymous_1)
DA:3,1
DA:4,1
DA:14,1
DA:16,18
DA:19,1
LF:5
LH:5
BRF:0
BRH:0
end_of_record
TN:
SF:/home/game/texas-holdem/server/src/services/tools/src/combination.js
FN:13,combination
FN:15,(anonymous_1)
FN:23,(anonymous_2)
FN:29,(anonymous_3)
FNF:4
FNH:4
FNDA:130,combination
FNDA:33,(anonymous_1)
FNDA:122,(anonymous_2)
FNDA:98,(anonymous_3)
DA:14,130
DA:15,52
DA:19,78
DA:23,78
DA:24,122
DA:29,122
DA:30,98
DA:34,78
DA:37,1
LF:9
LH:9
BRDA:14,0,0,52
BRDA:14,0,1,78
BRF:2
BRH:2
end_of_record
TN:
SF:/home/game/texas-holdem/server/src/services/tools/src/countOccurences.js
FN:12,(anonymous_0)
FN:16,(anonymous_1)
FNF:2
FNH:2
FNDA:29,(anonymous_0)
FNDA:142,(anonymous_1)
DA:12,5
DA:14,29
DA:16,29
DA:17,142
DA:20,29
LF:5
LH:5
BRDA:17,0,0,142
BRDA:17,0,1,82
BRF:2
BRH:2
end_of_record
TN:
SF:/home/game/texas-holdem/server/src/services/tools/src/shuffleArray.js
FN:11,(anonymous_0)
FNF:1
FNH:1
FNDA:1,(anonymous_0)
DA:11,1
DA:12,1
DA:14,1
DA:15,17
DA:16,17
DA:19,1
LF:6
LH:6
BRF:0
BRH:0
end_of_record
